/home/zeus/miniconda3/envs/cloudspace/lib/python3.10/site-packages/transformers/utils/hub.py:128: FutureWarning: Using `TRANSFORMERS_CACHE` is deprecated and will be removed in v5 of Transformers. Use `HF_HOME` instead.
  warnings.warn(
Loaded discriminator : validation_final_bert_tuned_oracle2024_11_15-06_54_51.pth
loading GPT model
GPT model loaded
loading dataset
dataset loaded

Samples generated:   0%|          | 0/16 [00:00<?, ?it/s]

Tokens generated:   0%|          | 0/10 [00:00<?, ?it/s][A/teamspace/studios/this_studio/PPL-MCTS/mcts_rollout_emotion.py:92: UserWarning: The torch.cuda.*DtypeTensor constructors are no longer recommended. It's best to use methods such as torch.tensor(data, dtype=*, device='cuda') to create tensors. (Triggered internally at ../torch/csrc/tensor/python_tensor.cpp:83.)
  tokens_tensor = torch.cuda.LongTensor(tokenizer_res['input_ids'])


Tokens generated:  10%|█         | 1/10 [00:13<02:04, 13.80s/it][A

Tokens generated:  20%|██        | 2/10 [00:46<03:17, 24.69s/it][A

Tokens generated:  30%|███       | 3/10 [00:58<02:12, 18.88s/it][A

Tokens generated:  40%|████      | 4/10 [01:51<03:15, 32.66s/it][A

Tokens generated:  50%|█████     | 5/10 [01:59<01:57, 23.58s/it][A

Tokens generated:  60%|██████    | 6/10 [02:10<01:17, 19.46s/it][A

Tokens generated:  70%|███████   | 7/10 [02:27<00:55, 18.55s/it][A

Tokens generated:  80%|████████  | 8/10 [02:53<00:41, 20.78s/it][A

Tokens generated:  90%|█████████ | 9/10 [02:57<00:15, 15.64s/it][A

Tokens generated: 100%|██████████| 10/10 [03:04<00:00, 13.11s/it][AWARNING:root:<|startoftext|> im feeling rather rotten.<|endoftext|>
WARNING:root:<|startoftext|> im updating my blog.<|endoftext|>
WARNING:root:<|startoftext|> i never make her feel bad about it.<|endoftext|>
WARNING:root:<|startoftext|> i left with my own thoughts.<|endoftext|>

Samples generated:  25%|██▌       | 4/16 [03:04<09:14, 46.21s/it]['<|startoftext|> im feeling rather rotten.', '<|startoftext|> im updating my blog.', '<|startoftext|> i never make her feel', '<|startoftext|> i left with my own']
['<|startoftext|> im feeling rather rotten.\n', '<|startoftext|> im updating my blog.\n', '<|startoftext|> i never make her feel bad', '<|startoftext|> i left with my own thoughts']
['<|startoftext|> im feeling rather rotten.\n[', '<|startoftext|> im updating my blog.\nI', '<|startoftext|> i never make her feel bad about', '<|startoftext|> i left with my own thoughts.']
['<|startoftext|> im feeling rather rotten.\n[02', "<|startoftext|> im updating my blog.\nI'm", '<|startoftext|> i never make her feel bad about it', '<|startoftext|> i left with my own thoughts.\n']
['<|startoftext|> im feeling rather rotten.\n[02:', "<|startoftext|> im updating my blog.\nI'm not", '<|startoftext|> i never make her feel bad about it.', '<|startoftext|> i left with my own thoughts.\nI']
['<|startoftext|> im feeling rather rotten.\n[02:01', "<|startoftext|> im updating my blog.\nI'm not sure", '<|startoftext|> i never make her feel bad about it.\n', "<|startoftext|> i left with my own thoughts.\nI'm"]
['<|startoftext|> im feeling rather rotten.\n[02:01]', "<|startoftext|> im updating my blog.\nI'm not sure if", '<|startoftext|> i never make her feel bad about it.\n[', "<|startoftext|> i left with my own thoughts.\nI'm not"]
['<|startoftext|> im feeling rather rotten.\n[02:01] <', "<|startoftext|> im updating my blog.\nI'm not sure if I", '<|startoftext|> i never make her feel bad about it.\n[02', "<|startoftext|> i left with my own thoughts.\nI'm not sure"]
['<|startoftext|> im feeling rather rotten.\n[02:01] <j', "<|startoftext|> im updating my blog.\nI'm not sure if I should", '<|startoftext|> i never make her feel bad about it.\n[02:', "<|startoftext|> i left with my own thoughts.\nI'm not sure if"]
['<|startoftext|> im feeling rather rotten.\n[02:01] <jason', "<|startoftext|> im updating my blog.\nI'm not sure if I should say", '<|startoftext|> i never make her feel bad about it.\n[02:01', "<|startoftext|> i left with my own thoughts.\nI'm not sure if I"]



Tokens generated:   0%|          | 0/10 [00:00<?, ?it/s][A[A
Tokens generated: 100%|██████████| 10/10 [03:04<00:00, 18.48s/it]



Tokens generated:  10%|█         | 1/10 [00:03<00:32,  3.64s/it][A[A


Tokens generated:  20%|██        | 2/10 [00:20<01:31, 11.49s/it][A[A


Tokens generated:  30%|███       | 3/10 [00:32<01:20, 11.51s/it][A[A


Tokens generated:  40%|████      | 4/10 [00:37<00:54,  9.15s/it][A[A


Tokens generated:  50%|█████     | 5/10 [00:39<00:33,  6.61s/it][A[A


Tokens generated:  60%|██████    | 6/10 [00:50<00:32,  8.00s/it][A[A


Tokens generated:  70%|███████   | 7/10 [01:59<01:23, 27.94s/it][A[A


Tokens generated:  80%|████████  | 8/10 [02:37<01:02, 31.23s/it][A[A


Tokens generated:  90%|█████████ | 9/10 [02:40<00:22, 22.23s/it][A[A


Tokens generated: 100%|██████████| 10/10 [03:13<00:00, 25.75s/it][A[AWARNING:root:<|startoftext|> i was feeling a little bit of an overreaction to this.<|endoftext|>
WARNING:root:<|startoftext|> i cant walk into a room without my shoes on.<|endoftext|>
WARNING:root:<|startoftext|> i felt anger when I saw the picture of her.<|endoftext|>
WARNING:root:<|startoftext|> i explain why i'm not a feminist.<|endoftext|>

Samples generated:  50%|█████     | 8/16 [06:18<06:20, 47.53s/it]['<|startoftext|> i was feeling a little', '<|startoftext|> i cant walk into a', '<|startoftext|> i felt anger when I', "<|startoftext|> i explain why i'm"]
['<|startoftext|> i was feeling a little bit', '<|startoftext|> i cant walk into a room', '<|startoftext|> i felt anger when I saw', "<|startoftext|> i explain why i'm not"]
['<|startoftext|> i was feeling a little bit of', '<|startoftext|> i cant walk into a room without', '<|startoftext|> i felt anger when I saw the', "<|startoftext|> i explain why i'm not a"]
['<|startoftext|> i was feeling a little bit of an', '<|startoftext|> i cant walk into a room without my', '<|startoftext|> i felt anger when I saw the picture', "<|startoftext|> i explain why i'm not a feminist"]
['<|startoftext|> i was feeling a little bit of an over', '<|startoftext|> i cant walk into a room without my shoes', '<|startoftext|> i felt anger when I saw the picture of', "<|startoftext|> i explain why i'm not a feminist."]
['<|startoftext|> i was feeling a little bit of an overre', '<|startoftext|> i cant walk into a room without my shoes on', '<|startoftext|> i felt anger when I saw the picture of her', "<|startoftext|> i explain why i'm not a feminist.\n"]
['<|startoftext|> i was feeling a little bit of an overreaction', '<|startoftext|> i cant walk into a room without my shoes on.', '<|startoftext|> i felt anger when I saw the picture of her.', "<|startoftext|> i explain why i'm not a feminist.\n["]
['<|startoftext|> i was feeling a little bit of an overreaction to', '<|startoftext|> i cant walk into a room without my shoes on.\n', '<|startoftext|> i felt anger when I saw the picture of her.\n', "<|startoftext|> i explain why i'm not a feminist.\n[20"]
['<|startoftext|> i was feeling a little bit of an overreaction to this', '<|startoftext|> i cant walk into a room without my shoes on.\n[', '<|startoftext|> i felt anger when I saw the picture of her.\n\n', "<|startoftext|> i explain why i'm not a feminist.\n[20:"]
['<|startoftext|> i was feeling a little bit of an overreaction to this.', '<|startoftext|> i cant walk into a room without my shoes on.\n[02', '<|startoftext|> i felt anger when I saw the picture of her.\n\n[', "<|startoftext|> i explain why i'm not a feminist.\n[20:22"]


Tokens generated:   0%|          | 0/10 [00:00<?, ?it/s][A
Tokens generated: 100%|██████████| 10/10 [03:13<00:00, 19.38s/it]


Tokens generated:  10%|█         | 1/10 [00:10<01:38, 10.97s/it][A

Tokens generated:  20%|██        | 2/10 [00:18<01:12,  9.11s/it][A

Tokens generated:  30%|███       | 3/10 [00:29<01:09,  9.87s/it][A

Tokens generated:  40%|████      | 4/10 [00:40<01:01, 10.27s/it][A

Tokens generated:  50%|█████     | 5/10 [00:50<00:50, 10.11s/it][A

Tokens generated:  60%|██████    | 6/10 [00:53<00:30,  7.61s/it][A

Tokens generated:  70%|███████   | 7/10 [01:32<00:54, 18.01s/it][A

Tokens generated:  80%|████████  | 8/10 [02:54<01:17, 38.53s/it][A

Tokens generated:  90%|█████████ | 9/10 [04:20<00:53, 53.28s/it][A

Tokens generated: 100%|██████████| 10/10 [04:39<00:00, 42.55s/it][AWARNING:root:<|startoftext|> i like to have a good time.<|endoftext|>
WARNING:root:<|startoftext|> i jest i n [1]<|endoftext|>
WARNING:root:<|startoftext|> i don t feel like I'm in a good place.<|endoftext|>
WARNING:root:<|startoftext|> i feel beautifully emotional about this. I'm not sure if it's<|endoftext|>

Samples generated:  75%|███████▌  | 12/16 [10:57<03:50, 57.70s/it]['<|startoftext|> i like to have a', '<|startoftext|> i jest i n', '<|startoftext|> i don t feel like', '<|startoftext|> i feel beautifully emotional about']
['<|startoftext|> i like to have a good', '<|startoftext|> i jest i n [', '<|startoftext|> i don t feel like I', '<|startoftext|> i feel beautifully emotional about this']
['<|startoftext|> i like to have a good time', '<|startoftext|> i jest i n [1', "<|startoftext|> i don t feel like I'm", '<|startoftext|> i feel beautifully emotional about this.']
['<|startoftext|> i like to have a good time.', '<|startoftext|> i jest i n [1]', "<|startoftext|> i don t feel like I'm in", '<|startoftext|> i feel beautifully emotional about this. I']
['<|startoftext|> i like to have a good time.\n', '<|startoftext|> i jest i n [1]\n', "<|startoftext|> i don t feel like I'm in a", "<|startoftext|> i feel beautifully emotional about this. I'm"]
['<|startoftext|> i like to have a good time.\n[', '<|startoftext|> i jest i n [1]\n[', "<|startoftext|> i don t feel like I'm in a good", "<|startoftext|> i feel beautifully emotional about this. I'm not"]
['<|startoftext|> i like to have a good time.\n[02', '<|startoftext|> i jest i n [1]\n[2', "<|startoftext|> i don t feel like I'm in a good place", "<|startoftext|> i feel beautifully emotional about this. I'm not sure"]
['<|startoftext|> i like to have a good time.\n[02:', '<|startoftext|> i jest i n [1]\n[2]', "<|startoftext|> i don t feel like I'm in a good place.", "<|startoftext|> i feel beautifully emotional about this. I'm not sure if"]
['<|startoftext|> i like to have a good time.\n[02:01', '<|startoftext|> i jest i n [1]\n[2] ', "<|startoftext|> i don t feel like I'm in a good place.\n", "<|startoftext|> i feel beautifully emotional about this. I'm not sure if it"]
['<|startoftext|> i like to have a good time.\n[02:01]', '<|startoftext|> i jest i n [1]\n[2] ------------------------', "<|startoftext|> i don t feel like I'm in a good place.\n\n", "<|startoftext|> i feel beautifully emotional about this. I'm not sure if it's"]



Tokens generated:   0%|          | 0/10 [00:00<?, ?it/s][A[A
Tokens generated: 100%|██████████| 10/10 [04:39<00:00, 27.92s/it]



Tokens generated:  10%|█         | 1/10 [00:39<05:52, 39.16s/it][A[A


Tokens generated:  20%|██        | 2/10 [00:49<02:58, 22.27s/it][A[A


Tokens generated:  30%|███       | 3/10 [00:55<01:42, 14.67s/it][A[A


Tokens generated:  40%|████      | 4/10 [00:57<00:58,  9.73s/it][A[A


Tokens generated:  50%|█████     | 5/10 [01:29<01:29, 17.97s/it][A[A


Tokens generated:  60%|██████    | 6/10 [01:36<00:56, 14.12s/it][A[A


Tokens generated:  70%|███████   | 7/10 [01:53<00:45, 15.16s/it][A[A


Tokens generated:  80%|████████  | 8/10 [01:58<00:23, 11.90s/it][A[A


Tokens generated:  90%|█████████ | 9/10 [02:13<00:12, 12.61s/it][A[A


Tokens generated: 100%|██████████| 10/10 [02:19<00:00, 10.63s/it][A[AWARNING:root:<|startoftext|> i pay attention it's a little bit of an oddity. I<|endoftext|>
WARNING:root:<|startoftext|> i just feel extremely sad.<|endoftext|>
WARNING:root:<|startoftext|> i find myself in a situation where I have to make decisions about my<|endoftext|>
WARNING:root:<|startoftext|> i was feeling as if I had been born in a dream.<|endoftext|>

Samples generated: 100%|██████████| 16/16 [13:17<00:00, 48.66s/it]
Samples generated: 100%|██████████| 16/16 [13:17<00:00, 49.82s/it]

Tokens generated: 100%|██████████| 10/10 [02:19<00:00, 13.93s/it]
["<|startoftext|> i pay attention it's", '<|startoftext|> i just feel extremely sad', '<|startoftext|> i find myself in a', '<|startoftext|> i was feeling as if']
["<|startoftext|> i pay attention it's a", '<|startoftext|> i just feel extremely sad.', '<|startoftext|> i find myself in a situation', '<|startoftext|> i was feeling as if I']
["<|startoftext|> i pay attention it's a little", '<|startoftext|> i just feel extremely sad.\n', '<|startoftext|> i find myself in a situation where', '<|startoftext|> i was feeling as if I had']
["<|startoftext|> i pay attention it's a little bit", '<|startoftext|> i just feel extremely sad.\n[', '<|startoftext|> i find myself in a situation where I', '<|startoftext|> i was feeling as if I had been']
["<|startoftext|> i pay attention it's a little bit of", '<|startoftext|> i just feel extremely sad.\n[02', '<|startoftext|> i find myself in a situation where I have', '<|startoftext|> i was feeling as if I had been born']
["<|startoftext|> i pay attention it's a little bit of an", '<|startoftext|> i just feel extremely sad.\n[02:', '<|startoftext|> i find myself in a situation where I have to', '<|startoftext|> i was feeling as if I had been born in']
["<|startoftext|> i pay attention it's a little bit of an odd", '<|startoftext|> i just feel extremely sad.\n[02:01', '<|startoftext|> i find myself in a situation where I have to make', '<|startoftext|> i was feeling as if I had been born in a']
["<|startoftext|> i pay attention it's a little bit of an oddity", '<|startoftext|> i just feel extremely sad.\n[02:01]', '<|startoftext|> i find myself in a situation where I have to make decisions', '<|startoftext|> i was feeling as if I had been born in a dream']
["<|startoftext|> i pay attention it's a little bit of an oddity.", '<|startoftext|> i just feel extremely sad.\n[02:01] <', '<|startoftext|> i find myself in a situation where I have to make decisions about', '<|startoftext|> i was feeling as if I had been born in a dream.']
["<|startoftext|> i pay attention it's a little bit of an oddity. I", '<|startoftext|> i just feel extremely sad.\n[02:01] <j', '<|startoftext|> i find myself in a situation where I have to make decisions about my', '<|startoftext|> i was feeling as if I had been born in a dream.\n']